[14672:30216:0306/003024.836:ERROR:device_event_log_impl.cc(211)] [00:30:24.836] USB: usb_device_handle_win.cc:1049 Failed to read descriptor from node connection: Присоединенное к системе устройство не работает. (0x1F)
[14672:30216:0306/003024.838:ERROR:device_event_log_impl.cc(211)] [00:30:24.838] USB: usb_device_handle_win.cc:1049 Failed to read descriptor from node connection: Присоединенное к системе устройство не работает. (0x1F)
[14672:30216:0306/003026.166:INFO:CONSOLE(1)] "Uncaught TypeError: Cannot redefine property: webdriver", source: chrome-extension://lncaoejhfdpcafpkkcddpjnhnodcajfg/js/mocking_headless.js (1)
[14672:30216:0306/003026.430:INFO:CONSOLE(1)] "Uncaught TypeError: Cannot redefine property: webdriver", source: chrome-extension://lncaoejhfdpcafpkkcddpjnhnodcajfg/js/mocking_headless.js (1)
[14672:30216:0306/003026.574:INFO:CONSOLE(250)] "Uncaught TypeError: Cannot read property 'innerHTML' of null", source: https://www.ozon.ru/_Incapsula_Resource?SWUDNSAI=30&xinfo=2-51391467-0%200NNN%20RT%281614979824366%20478%29%20q%280%20-1%20-1%200%29%20r%280%20-1%29%20B12%2811%2c1457111%2c0%29%20U12&incident_id=580000610122292255-217158515800936258&edet=12&cinfo=0b000000&rpinfo=0&cts=JAkmSYNPeCK2O5%2fQ7Tx2n4vMLhfLdgh6i8lnosjnIydaNeYpt0Gh%2bP8z8Cs6SQV4 (250)
[14672:30216:0306/003026.580:INFO:CONSOLE(1)] "Uncaught TypeError: Cannot redefine property: webdriver", source: chrome-extension://lncaoejhfdpcafpkkcddpjnhnodcajfg/js/mocking_headless.js (1)
[14672:30216:0306/003027.329:INFO:CONSOLE(1)] "Uncaught TypeError: Cannot redefine property: webdriver", source: chrome-extension://lncaoejhfdpcafpkkcddpjnhnodcajfg/js/mocking_headless.js (1)
[14672:30216:0306/003027.851:INFO:CONSOLE(1)] "Uncaught TypeError: Cannot redefine property: webdriver", source: chrome-extension://lncaoejhfdpcafpkkcddpjnhnodcajfg/js/mocking_headless.js (1)
[14672:30216:0306/003027.960:INFO:CONSOLE(1)] "Uncaught TypeError: Cannot redefine property: webdriver", source: chrome-extension://lncaoejhfdpcafpkkcddpjnhnodcajfg/js/mocking_headless.js (1)
[14672:30216:0306/003028.104:INFO:CONSOLE(1)] "Uncaught TypeError: Cannot redefine property: webdriver", source: chrome-extension://lncaoejhfdpcafpkkcddpjnhnodcajfg/js/mocking_headless.js (1)
[14672:30216:0306/003108.612:INFO:CONSOLE(1)] "Uncaught TypeError: Cannot redefine property: webdriver", source: chrome-extension://lncaoejhfdpcafpkkcddpjnhnodcajfg/js/mocking_headless.js (1)
[14672:30216:0306/003109.016:INFO:CONSOLE(1)] "Uncaught TypeError: Cannot redefine property: webdriver", source: chrome-extension://lncaoejhfdpcafpkkcddpjnhnodcajfg/js/mocking_headless.js (1)
[14672:30216:0306/003109.063:INFO:CONSOLE(250)] "Uncaught TypeError: Cannot read property 'innerHTML' of null", source: https://www.ozon.ru/_Incapsula_Resource?SWUDNSAI=30&xinfo=14-81783411-0%200NNN%20RT%281614979867642%2073%29%20q%280%20-1%20-1%20-1%29%20r%280%20-1%29%20B12%2811%2c1457111%2c0%29%20U12&incident_id=1339000100132035241-345833708814271118&edet=12&cinfo=0b000000&rpinfo=0&cts=5fAGU1HR%2btiWgrYEKul5Vr3E96%2bpAhO9fYm%2fUi%2fhz%2fANU3OGHFYgN9cgMUClYKvr (250)
[14672:30216:0306/003109.459:INFO:CONSOLE(1)] "Uncaught TypeError: Cannot redefine property: webdriver", source: chrome-extension://lncaoejhfdpcafpkkcddpjnhnodcajfg/js/mocking_headless.js (1)
[14672:30216:0306/003109.833:INFO:CONSOLE(1)] "Uncaught TypeError: Cannot redefine property: webdriver", source: chrome-extension://lncaoejhfdpcafpkkcddpjnhnodcajfg/js/mocking_headless.js (1)
[14672:30216:0306/003109.908:INFO:CONSOLE(1)] "Uncaught TypeError: Cannot redefine property: webdriver", source: chrome-extension://lncaoejhfdpcafpkkcddpjnhnodcajfg/js/mocking_headless.js (1)
[14672:30216:0306/003110.050:INFO:CONSOLE(1)] "Uncaught TypeError: Cannot redefine property: webdriver", source: chrome-extension://lncaoejhfdpcafpkkcddpjnhnodcajfg/js/mocking_headless.js (1)
[14672:30216:0306/003110.944:INFO:CONSOLE(1)] "Waiting %s seconds 5", source: chrome-extension://lncaoejhfdpcafpkkcddpjnhnodcajfg/js/content_scripts2.js (1)
[14672:30216:0306/003116.637:INFO:CONSOLE(3)] "[Report Only] Refused to execute inline script because it violates the following Content Security Policy directive: "script-src 'unsafe-inline' 'unsafe-eval' 'strict-dynamic' 'nonce-072528fef17e3'". Note that 'unsafe-inline' is ignored if either a hash or nonce value is present in the source list.
", source: https://www.ozon.ru/ (3)
[14672:30216:0306/003116.637:INFO:CONSOLE(0)] "[Report Only] Refused to load the script 'https://www.ozon.ru/ngus-Shafe-Homan-Equiuocat-spoyle-Lorder-In-Ente' because it violates the following Content Security Policy directive: "script-src 'unsafe-inline' 'unsafe-eval' 'strict-dynamic' 'nonce-072528fef17e3'". 'strict-dynamic' is present, so host-based allowlisting is disabled. Note that 'script-src-elem' was not explicitly set, so 'script-src' is used as a fallback.
", source: https://www.ozon.ru/ (0)
[14672:30216:0306/003116.719:INFO:CONSOLE(1)] "Uncaught TypeError: Cannot redefine property: webdriver", source: chrome-extension://lncaoejhfdpcafpkkcddpjnhnodcajfg/js/mocking_headless.js (1)
[14672:30216:0306/003116.878:INFO:CONSOLE(44)] "[Report Only] Refused to execute inline script because it violates the following Content Security Policy directive: "script-src 'unsafe-inline' 'unsafe-eval' 'strict-dynamic' 'nonce-072528fef17e3'". Note that 'unsafe-inline' is ignored if either a hash or nonce value is present in the source list.
", source: https://www.ozon.ru/ (44)
[14672:30216:0306/003117.868:INFO:CONSOLE(1)] "When plugin error: Context should be instance of Vue class", source: https://cdn2.ozone.ru/_nuxt/plugins.2f2712a8c9a4cb6c3f77.js (1)
[14672:30216:0306/003117.884:INFO:CONSOLE(1)] "--DEBUG_INFO-- [object Object]", source: https://cdn2.ozone.ru/_nuxt/plugins.2f2712a8c9a4cb6c3f77.js (1)
[14672:30216:0306/003118.027:INFO:CONSOLE(48)] "%c[ERROR] color: #ffffff; font-weight: bold; background-color: #9b0010; Request failed with 5xx error from service favorites", source: https://cdn2.ozone.ru/_nuxt/vendor.d7f42a1e50fc6a95b9bf.js (48)
[14672:30216:0306/003118.027:INFO:CONSOLE(48)] "%c[DEBUG]: color: #00BFFE; font-weight: bold Additional info", source: https://cdn2.ozone.ru/_nuxt/vendor.d7f42a1e50fc6a95b9bf.js (48)
[14672:30216:0306/003118.027:INFO:CONSOLE(48)] "[object Object]", source: https://cdn2.ozone.ru/_nuxt/vendor.d7f42a1e50fc6a95b9bf.js (48)
[14672:30216:0306/003118.028:INFO:CONSOLE(48)] "console.groupEnd", source: https://cdn2.ozone.ru/_nuxt/vendor.d7f42a1e50fc6a95b9bf.js (48)
[14672:30216:0306/003118.030:INFO:CONSOLE(48)] "%c[ERROR] color: #ffffff; font-weight: bold; background-color: #9b0010; Error: Request failed with status code 403", source: https://cdn2.ozone.ru/_nuxt/vendor.d7f42a1e50fc6a95b9bf.js (48)
[14672:30216:0306/003118.030:INFO:CONSOLE(48)] "%c[DEBUG]: color: #00BFFE; font-weight: bold Additional info", source: https://cdn2.ozone.ru/_nuxt/vendor.d7f42a1e50fc6a95b9bf.js (48)
[14672:30216:0306/003118.030:INFO:CONSOLE(48)] "[object Object]", source: https://cdn2.ozone.ru/_nuxt/vendor.d7f42a1e50fc6a95b9bf.js (48)
[14672:30216:0306/003118.031:INFO:CONSOLE(48)] "console.groupEnd", source: https://cdn2.ozone.ru/_nuxt/vendor.d7f42a1e50fc6a95b9bf.js (48)
[14672:30216:0306/003118.369:INFO:CONSOLE(48)] "%c[ERROR] color: #ffffff; font-weight: bold; background-color: #9b0010; Request failed with 5xx error from service composer", source: https://cdn2.ozone.ru/_nuxt/vendor.d7f42a1e50fc6a95b9bf.js (48)
[14672:30216:0306/003118.369:INFO:CONSOLE(48)] "%c[DEBUG]: color: #00BFFE; font-weight: bold Additional info", source: https://cdn2.ozone.ru/_nuxt/vendor.d7f42a1e50fc6a95b9bf.js (48)
[14672:30216:0306/003118.369:INFO:CONSOLE(48)] "[object Object]", source: https://cdn2.ozone.ru/_nuxt/vendor.d7f42a1e50fc6a95b9bf.js (48)
[14672:30216:0306/003118.370:INFO:CONSOLE(48)] "console.groupEnd", source: https://cdn2.ozone.ru/_nuxt/vendor.d7f42a1e50fc6a95b9bf.js (48)
[14672:30216:0306/003118.371:INFO:CONSOLE(1)] "canceled Error: Request failed with status code 403", source: https://cdn2.ozone.ru/_nuxt/common-desktop-service_elements.6672bb68b6c46d2f97fa.js (1)
[14672:30216:0306/003120.742:INFO:CONSOLE(1)] "No Universal Analytics cookie found", source:  (1)
[14672:30216:0306/003120.754:INFO:CONSOLE(1)] "No Universal Analytics cookie found", source:  (1)
[14672:30216:0306/003120.786:INFO:CONSOLE(1)] "No Universal Analytics cookie found", source:  (1)
[14672:30216:0306/003121.344:INFO:CONSOLE(1)] "Uncaught TypeError: Cannot redefine property: webdriver", source: chrome-extension://lncaoejhfdpcafpkkcddpjnhnodcajfg/js/mocking_headless.js (1)
[14672:30216:0306/003121.346:INFO:CONSOLE(1)] "Uncaught TypeError: Cannot redefine property: webdriver", source: chrome-extension://lncaoejhfdpcafpkkcddpjnhnodcajfg/js/mocking_headless.js (1)
[14672:30216:0306/003122.032:INFO:CONSOLE(1)] "Uncaught TypeError: Cannot redefine property: webdriver", source: chrome-extension://lncaoejhfdpcafpkkcddpjnhnodcajfg/js/mocking_headless.js (1)
[14672:30216:0306/003122.211:INFO:CONSOLE(1)] "Uncaught TypeError: Cannot redefine property: webdriver", source: chrome-extension://lncaoejhfdpcafpkkcddpjnhnodcajfg/js/mocking_headless.js (1)
[14672:30216:0306/003122.826:INFO:CONSOLE(1)] "Uncaught TypeError: Cannot redefine property: webdriver", source: chrome-extension://lncaoejhfdpcafpkkcddpjnhnodcajfg/js/mocking_headless.js (1)
[14672:30216:0306/003122.840:INFO:CONSOLE(1)] "Uncaught TypeError: Cannot redefine property: webdriver", source: chrome-extension://lncaoejhfdpcafpkkcddpjnhnodcajfg/js/mocking_headless.js (1)
[14672:30216:0306/003123.371:INFO:CONSOLE(0)] "[Report Only] Refused to load the script 'https://www.ozon.ru/ngus-Shafe-Homan-Equiuocat-spoyle-Lorder-In-Ente' because it violates the following Content Security Policy directive: "script-src 'unsafe-inline' 'unsafe-eval' 'strict-dynamic' 'nonce-63dcb972fb'". 'strict-dynamic' is present, so host-based allowlisting is disabled. Note that 'script-src-elem' was not explicitly set, so 'script-src' is used as a fallback.
", source: https://www.ozon.ru/category/tovary-dlya-vzroslyh-9000/?text=4640012521702 (0)
[14672:30216:0306/003123.407:INFO:CONSOLE(1)] "Uncaught TypeError: Cannot redefine property: webdriver", source: chrome-extension://lncaoejhfdpcafpkkcddpjnhnodcajfg/js/mocking_headless.js (1)
[14672:30216:0306/003124.719:INFO:CONSOLE(56)] "[Report Only] Refused to execute inline script because it violates the following Content Security Policy directive: "script-src 'unsafe-inline' 'unsafe-eval' 'strict-dynamic' 'nonce-63dcb972fb'". Note that 'unsafe-inline' is ignored if either a hash or nonce value is present in the source list.
", source: https://www.ozon.ru/category/tovary-dlya-vzroslyh-9000/?text=4640012521702 (56)
[14672:30216:0306/003124.978:INFO:CONSOLE(1)] "When plugin error: Context should be instance of Vue class", source: https://cdn2.ozone.ru/_nuxt/plugins.2f2712a8c9a4cb6c3f77.js (1)
[14672:30216:0306/003124.988:INFO:CONSOLE(1)] "--DEBUG_INFO-- [object Object]", source: https://cdn2.ozone.ru/_nuxt/plugins.2f2712a8c9a4cb6c3f77.js (1)
[14672:30216:0306/003126.609:INFO:CONSOLE(1)] "Uncaught TypeError: Cannot redefine property: webdriver", source: chrome-extension://lncaoejhfdpcafpkkcddpjnhnodcajfg/js/mocking_headless.js (1)
[14672:30216:0306/003126.612:INFO:CONSOLE(1)] "Uncaught TypeError: Cannot redefine property: webdriver", source: chrome-extension://lncaoejhfdpcafpkkcddpjnhnodcajfg/js/mocking_headless.js (1)
[14672:30216:0306/003126.891:INFO:CONSOLE(7)] "Criteo ReferenceError: item is not defined", source:  (7)
[14672:30216:0306/003126.902:INFO:CONSOLE(2)] "segmento TypeError: Cannot read property 'length' of undefined", source:  (2)
[14672:30216:0306/003126.906:INFO:CONSOLE(4)] "Uncaught TypeError: Cannot read property 'removeChild' of undefined", source:  (4)
[14672:30216:0306/003126.907:INFO:CONSOLE(3256)] "Uncaught [object Object]", source: https://www.googletagmanager.com/gtm.js?id=GTM-MW7FLG5 (3256)
[14672:30216:0306/003127.246:INFO:CONSOLE(1)] "Uncaught TypeError: Cannot redefine property: webdriver", source: chrome-extension://lncaoejhfdpcafpkkcddpjnhnodcajfg/js/mocking_headless.js (1)
[14672:30216:0306/003128.002:WARNING:pref_notifier_impl.cc(40)] Pref observer for media_router.cast_allow_all_ips found at shutdown.
